<?xml version="1.0" encoding="UTF-8"?>
<testng-results ignored="0" total="21" passed="20" failed="1" skipped="0">
  <reporter-output>
  </reporter-output>
  <suite started-at="2021-05-08T12:46:16 MDT" name="Surefire suite" finished-at="2021-05-08T12:47:46 MDT" duration-ms="90318">
    <groups>
    </groups>
    <test started-at="2021-05-08T12:46:16 MDT" name="Surefire test" finished-at="2021-05-08T12:47:46 MDT" duration-ms="90318">
      <class name="login.LoginTests">
        <test-method is-config="true" signature="setUp()[pri:0, instance:login.LoginTests@1763992e]" started-at="2021-05-08T12:47:19 MDT" name="setUp" finished-at="2021-05-08T12:47:21 MDT" duration-ms="2404" status="PASS">
          <reporter-output>
          </reporter-output>
        </test-method> <!-- setUp -->
        <test-method is-config="true" signature="goHome()[pri:0, instance:login.LoginTests@1763992e]" started-at="2021-05-08T12:47:21 MDT" name="goHome" finished-at="2021-05-08T12:47:22 MDT" duration-ms="289" status="PASS">
          <reporter-output>
          </reporter-output>
        </test-method> <!-- goHome -->
        <test-method signature="testSuccessfulLogin()[pri:0, instance:login.LoginTests@1763992e]" started-at="2021-05-08T12:47:22 MDT" name="testSuccessfulLogin" finished-at="2021-05-08T12:47:23 MDT" duration-ms="1063" status="PASS">
          <reporter-output>
          </reporter-output>
        </test-method> <!-- testSuccessfulLogin -->
        <test-method is-config="true" signature="recordFailure(org.testng.ITestResult)[pri:0, instance:login.LoginTests@1763992e]" started-at="2021-05-08T12:47:23 MDT" name="recordFailure" finished-at="2021-05-08T12:47:23 MDT" duration-ms="3" status="PASS">
          <params>
            <param index="0">
              <value>
                <![CDATA[[TestResult name=testSuccessfulLogin status=SUCCESS method=LoginTests.testSuccessfulLogin()[pri:0, instance:login.LoginTests@1763992e] output={null}]]]>
              </value>
            </param>
          </params>
          <reporter-output>
          </reporter-output>
        </test-method> <!-- recordFailure -->
        <test-method is-config="true" signature="tearDown()[pri:0, instance:login.LoginTests@1763992e]" started-at="2021-05-08T12:47:23 MDT" name="tearDown" finished-at="2021-05-08T12:47:23 MDT" duration-ms="724" status="PASS">
          <reporter-output>
          </reporter-output>
        </test-method> <!-- tearDown -->
      </class> <!-- login.LoginTests -->
      <class name="keys.KeyPressesTest">
        <test-method is-config="true" signature="setUp()[pri:0, instance:keys.KeyPressesTest@61a91912]" started-at="2021-05-08T12:47:15 MDT" name="setUp" finished-at="2021-05-08T12:47:17 MDT" duration-ms="2586" status="PASS">
          <reporter-output>
          </reporter-output>
        </test-method> <!-- setUp -->
        <test-method is-config="true" signature="goHome()[pri:0, instance:keys.KeyPressesTest@61a91912]" started-at="2021-05-08T12:47:17 MDT" name="goHome" finished-at="2021-05-08T12:47:17 MDT" duration-ms="197" status="PASS">
          <reporter-output>
          </reporter-output>
        </test-method> <!-- goHome -->
        <test-method signature="testBackSpace()[pri:0, instance:keys.KeyPressesTest@61a91912]" started-at="2021-05-08T12:47:17 MDT" name="testBackSpace" finished-at="2021-05-08T12:47:18 MDT" duration-ms="340" status="PASS">
          <reporter-output>
          </reporter-output>
        </test-method> <!-- testBackSpace -->
        <test-method is-config="true" signature="recordFailure(org.testng.ITestResult)[pri:0, instance:keys.KeyPressesTest@61a91912]" started-at="2021-05-08T12:47:18 MDT" name="recordFailure" finished-at="2021-05-08T12:47:18 MDT" duration-ms="1" status="PASS">
          <params>
            <param index="0">
              <value>
                <![CDATA[[TestResult name=testBackSpace status=SUCCESS method=KeyPressesTest.testBackSpace()[pri:0, instance:keys.KeyPressesTest@61a91912] output={null}]]]>
              </value>
            </param>
          </params>
          <reporter-output>
          </reporter-output>
        </test-method> <!-- recordFailure -->
        <test-method is-config="true" signature="goHome()[pri:0, instance:keys.KeyPressesTest@61a91912]" started-at="2021-05-08T12:47:18 MDT" name="goHome" finished-at="2021-05-08T12:47:18 MDT" duration-ms="158" status="PASS">
          <reporter-output>
          </reporter-output>
        </test-method> <!-- goHome -->
        <test-method signature="testShortCuts()[pri:0, instance:keys.KeyPressesTest@61a91912]" started-at="2021-05-08T12:47:18 MDT" name="testShortCuts" finished-at="2021-05-08T12:47:18 MDT" duration-ms="324" status="PASS">
          <reporter-output>
          </reporter-output>
        </test-method> <!-- testShortCuts -->
        <test-method is-config="true" signature="recordFailure(org.testng.ITestResult)[pri:0, instance:keys.KeyPressesTest@61a91912]" started-at="2021-05-08T12:47:18 MDT" name="recordFailure" finished-at="2021-05-08T12:47:18 MDT" duration-ms="8" status="PASS">
          <params>
            <param index="0">
              <value>
                <![CDATA[[TestResult name=testShortCuts status=SUCCESS method=KeyPressesTest.testShortCuts()[pri:0, instance:keys.KeyPressesTest@61a91912] output={null}]]]>
              </value>
            </param>
          </params>
          <reporter-output>
          </reporter-output>
        </test-method> <!-- recordFailure -->
        <test-method is-config="true" signature="tearDown()[pri:0, instance:keys.KeyPressesTest@61a91912]" started-at="2021-05-08T12:47:18 MDT" name="tearDown" finished-at="2021-05-08T12:47:19 MDT" duration-ms="644" status="PASS">
          <reporter-output>
          </reporter-output>
        </test-method> <!-- tearDown -->
      </class> <!-- keys.KeyPressesTest -->
      <class name="frames.NestedFrameTest">
        <test-method is-config="true" signature="setUp()[pri:0, instance:frames.NestedFrameTest@48c4245d]" started-at="2021-05-08T12:46:54 MDT" name="setUp" finished-at="2021-05-08T12:46:57 MDT" duration-ms="2328" status="PASS">
          <reporter-output>
          </reporter-output>
        </test-method> <!-- setUp -->
        <test-method is-config="true" signature="goHome()[pri:0, instance:frames.NestedFrameTest@48c4245d]" started-at="2021-05-08T12:46:57 MDT" name="goHome" finished-at="2021-05-08T12:46:57 MDT" duration-ms="188" status="PASS">
          <reporter-output>
          </reporter-output>
        </test-method> <!-- goHome -->
        <test-method signature="testMiddleFrameText()[pri:0, instance:frames.NestedFrameTest@48c4245d]" started-at="2021-05-08T12:46:57 MDT" name="testMiddleFrameText" finished-at="2021-05-08T12:46:58 MDT" duration-ms="1125" status="FAIL">
          <exception class="java.lang.AssertionError">
            <message>
              <![CDATA[Wrong text expected [MIDDLE] but found []]]>
            </message>
            <full-stacktrace>
              <![CDATA[java.lang.AssertionError: Wrong text expected [MIDDLE] but found []
at org.testng.Assert.fail(Assert.java:99)
at org.testng.Assert.failNotEquals(Assert.java:1037)
at org.testng.Assert.assertEqualsImpl(Assert.java:140)
at org.testng.Assert.assertEquals(Assert.java:122)
at org.testng.Assert.assertEquals(Assert.java:629)
at frames.NestedFrameTest.testMiddleFrameText(NestedFrameTest.java:16)
at java.base/jdk.internal.reflect.NativeMethodAccessorImpl.invoke0(Native Method)
at java.base/jdk.internal.reflect.NativeMethodAccessorImpl.invoke(NativeMethodAccessorImpl.java:62)
at java.base/jdk.internal.reflect.DelegatingMethodAccessorImpl.invoke(DelegatingMethodAccessorImpl.java:43)
at java.base/java.lang.reflect.Method.invoke(Method.java:566)
at org.testng.internal.MethodInvocationHelper.invokeMethod(MethodInvocationHelper.java:133)
at org.testng.internal.TestInvoker.invokeMethod(TestInvoker.java:598)
at org.testng.internal.TestInvoker.invokeTestMethod(TestInvoker.java:173)
at org.testng.internal.MethodRunner.runInSequence(MethodRunner.java:46)
at org.testng.internal.TestInvoker$MethodInvocationAgent.invoke(TestInvoker.java:824)
at org.testng.internal.TestInvoker.invokeTestMethods(TestInvoker.java:146)
at org.testng.internal.TestMethodWorker.invokeTestMethods(TestMethodWorker.java:146)
at org.testng.internal.TestMethodWorker.run(TestMethodWorker.java:128)
at java.base/java.util.ArrayList.forEach(ArrayList.java:1541)
at org.testng.TestRunner.privateRun(TestRunner.java:794)
at org.testng.TestRunner.run(TestRunner.java:596)
at org.testng.SuiteRunner.runTest(SuiteRunner.java:377)
at org.testng.SuiteRunner.runSequentially(SuiteRunner.java:371)
at org.testng.SuiteRunner.privateRun(SuiteRunner.java:332)
at org.testng.SuiteRunner.run(SuiteRunner.java:276)
at org.testng.SuiteRunnerWorker.runSuite(SuiteRunnerWorker.java:53)
at org.testng.SuiteRunnerWorker.run(SuiteRunnerWorker.java:96)
at org.testng.TestNG.runSuitesSequentially(TestNG.java:1212)
at org.testng.TestNG.runSuitesLocally(TestNG.java:1134)
at org.testng.TestNG.runSuites(TestNG.java:1063)
at org.testng.TestNG.run(TestNG.java:1031)
at org.apache.maven.surefire.testng.TestNGExecutor.run(TestNGExecutor.java:135)
at org.apache.maven.surefire.testng.TestNGDirectoryTestSuite.executeMulti(TestNGDirectoryTestSuite.java:193)
at org.apache.maven.surefire.testng.TestNGDirectoryTestSuite.execute(TestNGDirectoryTestSuite.java:94)
at org.apache.maven.surefire.testng.TestNGProvider.invoke(TestNGProvider.java:146)
at org.apache.maven.surefire.booter.ForkedBooter.invokeProviderInSameClassLoader(ForkedBooter.java:384)
at org.apache.maven.surefire.booter.ForkedBooter.runSuitesInProcess(ForkedBooter.java:345)
at org.apache.maven.surefire.booter.ForkedBooter.execute(ForkedBooter.java:126)
at org.apache.maven.surefire.booter.ForkedBooter.main(ForkedBooter.java:418)
]]>
            </full-stacktrace>
          </exception> <!-- java.lang.AssertionError -->
          <reporter-output>
          </reporter-output>
        </test-method> <!-- testMiddleFrameText -->
        <test-method is-config="true" signature="recordFailure(org.testng.ITestResult)[pri:0, instance:frames.NestedFrameTest@48c4245d]" started-at="2021-05-08T12:46:58 MDT" name="recordFailure" finished-at="2021-05-08T12:46:58 MDT" duration-ms="174" status="PASS">
          <params>
            <param index="0">
              <value>
                <![CDATA[[TestResult name=testMiddleFrameText status=FAILURE method=NestedFrameTest.testMiddleFrameText()[pri:0, instance:frames.NestedFrameTest@48c4245d] output={null}]]]>
              </value>
            </param>
          </params>
          <reporter-output>
          </reporter-output>
        </test-method> <!-- recordFailure -->
        <test-method is-config="true" signature="tearDown()[pri:0, instance:frames.NestedFrameTest@48c4245d]" started-at="2021-05-08T12:46:58 MDT" name="tearDown" finished-at="2021-05-08T12:46:59 MDT" duration-ms="694" status="PASS">
          <reporter-output>
          </reporter-output>
        </test-method> <!-- tearDown -->
      </class> <!-- frames.NestedFrameTest -->
      <class name="hover.HoverTests">
        <test-method is-config="true" signature="setUp()[pri:0, instance:hover.HoverTests@7906578e]" started-at="2021-05-08T12:47:04 MDT" name="setUp" finished-at="2021-05-08T12:47:06 MDT" duration-ms="2345" status="PASS">
          <reporter-output>
          </reporter-output>
        </test-method> <!-- setUp -->
        <test-method is-config="true" signature="goHome()[pri:0, instance:hover.HoverTests@7906578e]" started-at="2021-05-08T12:47:06 MDT" name="goHome" finished-at="2021-05-08T12:47:07 MDT" duration-ms="917" status="PASS">
          <reporter-output>
          </reporter-output>
        </test-method> <!-- goHome -->
        <test-method signature="testHoverUser1()[pri:0, instance:hover.HoverTests@7906578e]" started-at="2021-05-08T12:47:07 MDT" name="testHoverUser1" finished-at="2021-05-08T12:47:08 MDT" duration-ms="832" status="PASS">
          <reporter-output>
          </reporter-output>
        </test-method> <!-- testHoverUser1 -->
        <test-method is-config="true" signature="recordFailure(org.testng.ITestResult)[pri:0, instance:hover.HoverTests@7906578e]" started-at="2021-05-08T12:47:08 MDT" name="recordFailure" finished-at="2021-05-08T12:47:08 MDT" duration-ms="0" status="PASS">
          <params>
            <param index="0">
              <value>
                <![CDATA[[TestResult name=testHoverUser1 status=SUCCESS method=HoverTests.testHoverUser1()[pri:0, instance:hover.HoverTests@7906578e] output={null}]]]>
              </value>
            </param>
          </params>
          <reporter-output>
          </reporter-output>
        </test-method> <!-- recordFailure -->
        <test-method is-config="true" signature="tearDown()[pri:0, instance:hover.HoverTests@7906578e]" started-at="2021-05-08T12:47:08 MDT" name="tearDown" finished-at="2021-05-08T12:47:09 MDT" duration-ms="630" status="PASS">
          <reporter-output>
          </reporter-output>
        </test-method> <!-- tearDown -->
      </class> <!-- hover.HoverTests -->
      <class name="javascript.JavaScriptTest">
        <test-method is-config="true" signature="setUp()[pri:0, instance:javascript.JavaScriptTest@8a62297]" started-at="2021-05-08T12:47:09 MDT" name="setUp" finished-at="2021-05-08T12:47:12 MDT" duration-ms="2969" status="PASS">
          <reporter-output>
          </reporter-output>
        </test-method> <!-- setUp -->
        <test-method is-config="true" signature="goHome()[pri:0, instance:javascript.JavaScriptTest@8a62297]" started-at="2021-05-08T12:47:12 MDT" name="goHome" finished-at="2021-05-08T12:47:12 MDT" duration-ms="264" status="PASS">
          <reporter-output>
          </reporter-output>
        </test-method> <!-- goHome -->
        <test-method signature="testJavaScriptExecution()[pri:0, instance:javascript.JavaScriptTest@8a62297]" started-at="2021-05-08T12:47:12 MDT" name="testJavaScriptExecution" finished-at="2021-05-08T12:47:12 MDT" duration-ms="475" status="PASS">
          <reporter-output>
          </reporter-output>
        </test-method> <!-- testJavaScriptExecution -->
        <test-method is-config="true" signature="recordFailure(org.testng.ITestResult)[pri:0, instance:javascript.JavaScriptTest@8a62297]" started-at="2021-05-08T12:47:12 MDT" name="recordFailure" finished-at="2021-05-08T12:47:12 MDT" duration-ms="2" status="PASS">
          <params>
            <param index="0">
              <value>
                <![CDATA[[TestResult name=testJavaScriptExecution status=SUCCESS method=JavaScriptTest.testJavaScriptExecution()[pri:0, instance:javascript.JavaScriptTest@8a62297] output={null}]]]>
              </value>
            </param>
          </params>
          <reporter-output>
          </reporter-output>
        </test-method> <!-- recordFailure -->
        <test-method is-config="true" signature="goHome()[pri:0, instance:javascript.JavaScriptTest@8a62297]" started-at="2021-05-08T12:47:12 MDT" name="goHome" finished-at="2021-05-08T12:47:13 MDT" duration-ms="223" status="PASS">
          <reporter-output>
          </reporter-output>
        </test-method> <!-- goHome -->
        <test-method signature="testScrollToParagraph()[pri:0, instance:javascript.JavaScriptTest@8a62297]" started-at="2021-05-08T12:47:13 MDT" name="testScrollToParagraph" finished-at="2021-05-08T12:47:14 MDT" duration-ms="1227" status="PASS">
          <reporter-output>
          </reporter-output>
        </test-method> <!-- testScrollToParagraph -->
        <test-method is-config="true" signature="recordFailure(org.testng.ITestResult)[pri:0, instance:javascript.JavaScriptTest@8a62297]" started-at="2021-05-08T12:47:14 MDT" name="recordFailure" finished-at="2021-05-08T12:47:14 MDT" duration-ms="0" status="PASS">
          <params>
            <param index="0">
              <value>
                <![CDATA[[TestResult name=testScrollToParagraph status=SUCCESS method=JavaScriptTest.testScrollToParagraph()[pri:0, instance:javascript.JavaScriptTest@8a62297] output={null}]]]>
              </value>
            </param>
          </params>
          <reporter-output>
          </reporter-output>
        </test-method> <!-- recordFailure -->
        <test-method is-config="true" signature="tearDown()[pri:0, instance:javascript.JavaScriptTest@8a62297]" started-at="2021-05-08T12:47:14 MDT" name="tearDown" finished-at="2021-05-08T12:47:15 MDT" duration-ms="759" status="PASS">
          <reporter-output>
          </reporter-output>
        </test-method> <!-- tearDown -->
      </class> <!-- javascript.JavaScriptTest -->
      <class name="frames.FrameTest">
        <test-method is-config="true" signature="setUp()[pri:0, instance:frames.FrameTest@3c89bb12]" started-at="2021-05-08T12:46:49 MDT" name="setUp" finished-at="2021-05-08T12:46:52 MDT" duration-ms="2270" status="PASS">
          <reporter-output>
          </reporter-output>
        </test-method> <!-- setUp -->
        <test-method is-config="true" signature="goHome()[pri:0, instance:frames.FrameTest@3c89bb12]" started-at="2021-05-08T12:46:52 MDT" name="goHome" finished-at="2021-05-08T12:46:52 MDT" duration-ms="207" status="PASS">
          <reporter-output>
          </reporter-output>
        </test-method> <!-- goHome -->
        <test-method signature="testEditor()[pri:0, instance:frames.FrameTest@3c89bb12]" started-at="2021-05-08T12:46:52 MDT" name="testEditor" finished-at="2021-05-08T12:46:54 MDT" duration-ms="1900" status="PASS">
          <reporter-output>
          </reporter-output>
        </test-method> <!-- testEditor -->
        <test-method is-config="true" signature="recordFailure(org.testng.ITestResult)[pri:0, instance:frames.FrameTest@3c89bb12]" started-at="2021-05-08T12:46:54 MDT" name="recordFailure" finished-at="2021-05-08T12:46:54 MDT" duration-ms="0" status="PASS">
          <params>
            <param index="0">
              <value>
                <![CDATA[[TestResult name=testEditor status=SUCCESS method=FrameTest.testEditor()[pri:0, instance:frames.FrameTest@3c89bb12] output={null}]]]>
              </value>
            </param>
          </params>
          <reporter-output>
          </reporter-output>
        </test-method> <!-- recordFailure -->
        <test-method is-config="true" signature="tearDown()[pri:0, instance:frames.FrameTest@3c89bb12]" started-at="2021-05-08T12:46:54 MDT" name="tearDown" finished-at="2021-05-08T12:46:54 MDT" duration-ms="678" status="PASS">
          <reporter-output>
          </reporter-output>
        </test-method> <!-- tearDown -->
      </class> <!-- frames.FrameTest -->
      <class name="dropdown.DropDownTest">
        <test-method is-config="true" signature="setUp()[pri:0, instance:dropdown.DropDownTest@4a29f290]" started-at="2021-05-08T12:46:22 MDT" name="setUp" finished-at="2021-05-08T12:46:24 MDT" duration-ms="2270" status="PASS">
          <reporter-output>
          </reporter-output>
        </test-method> <!-- setUp -->
        <test-method is-config="true" signature="goHome()[pri:0, instance:dropdown.DropDownTest@4a29f290]" started-at="2021-05-08T12:46:24 MDT" name="goHome" finished-at="2021-05-08T12:46:25 MDT" duration-ms="149" status="PASS">
          <reporter-output>
          </reporter-output>
        </test-method> <!-- goHome -->
        <test-method signature="testSelectOption()[pri:0, instance:dropdown.DropDownTest@4a29f290]" started-at="2021-05-08T12:46:25 MDT" name="testSelectOption" finished-at="2021-05-08T12:46:25 MDT" duration-ms="530" status="PASS">
          <reporter-output>
          </reporter-output>
        </test-method> <!-- testSelectOption -->
        <test-method is-config="true" signature="recordFailure(org.testng.ITestResult)[pri:0, instance:dropdown.DropDownTest@4a29f290]" started-at="2021-05-08T12:46:25 MDT" name="recordFailure" finished-at="2021-05-08T12:46:25 MDT" duration-ms="8" status="PASS">
          <params>
            <param index="0">
              <value>
                <![CDATA[[TestResult name=testSelectOption status=SUCCESS method=DropDownTest.testSelectOption()[pri:0, instance:dropdown.DropDownTest@4a29f290] output={null}]]]>
              </value>
            </param>
          </params>
          <reporter-output>
          </reporter-output>
        </test-method> <!-- recordFailure -->
        <test-method is-config="true" signature="tearDown()[pri:0, instance:dropdown.DropDownTest@4a29f290]" started-at="2021-05-08T12:46:25 MDT" name="tearDown" finished-at="2021-05-08T12:46:26 MDT" duration-ms="701" status="PASS">
          <reporter-output>
          </reporter-output>
        </test-method> <!-- tearDown -->
      </class> <!-- dropdown.DropDownTest -->
      <class name="navigation.NavigationTests">
        <test-method is-config="true" signature="setUp()[pri:0, instance:navigation.NavigationTests@659925f4]" started-at="2021-05-08T12:47:29 MDT" name="setUp" finished-at="2021-05-08T12:47:32 MDT" duration-ms="3222" status="PASS">
          <reporter-output>
          </reporter-output>
        </test-method> <!-- setUp -->
        <test-method is-config="true" signature="goHome()[pri:0, instance:navigation.NavigationTests@659925f4]" started-at="2021-05-08T12:47:32 MDT" name="goHome" finished-at="2021-05-08T12:47:32 MDT" duration-ms="164" status="PASS">
          <reporter-output>
          </reporter-output>
        </test-method> <!-- goHome -->
        <test-method signature="testNavigation()[pri:0, instance:navigation.NavigationTests@659925f4]" started-at="2021-05-08T12:47:32 MDT" name="testNavigation" finished-at="2021-05-08T12:47:40 MDT" duration-ms="8261" status="PASS">
          <reporter-output>
          </reporter-output>
        </test-method> <!-- testNavigation -->
        <test-method is-config="true" signature="recordFailure(org.testng.ITestResult)[pri:0, instance:navigation.NavigationTests@659925f4]" started-at="2021-05-08T12:47:40 MDT" name="recordFailure" finished-at="2021-05-08T12:47:40 MDT" duration-ms="0" status="PASS">
          <params>
            <param index="0">
              <value>
                <![CDATA[[TestResult name=testNavigation status=SUCCESS method=NavigationTests.testNavigation()[pri:0, instance:navigation.NavigationTests@659925f4] output={null}]]]>
              </value>
            </param>
          </params>
          <reporter-output>
          </reporter-output>
        </test-method> <!-- recordFailure -->
        <test-method is-config="true" signature="goHome()[pri:0, instance:navigation.NavigationTests@659925f4]" started-at="2021-05-08T12:47:40 MDT" name="goHome" finished-at="2021-05-08T12:47:40 MDT" duration-ms="283" status="PASS">
          <reporter-output>
          </reporter-output>
        </test-method> <!-- goHome -->
        <test-method signature="testSwitchToTab()[pri:0, instance:navigation.NavigationTests@659925f4]" started-at="2021-05-08T12:47:40 MDT" name="testSwitchToTab" finished-at="2021-05-08T12:47:41 MDT" duration-ms="631" status="PASS">
          <reporter-output>
          </reporter-output>
        </test-method> <!-- testSwitchToTab -->
        <test-method is-config="true" signature="recordFailure(org.testng.ITestResult)[pri:0, instance:navigation.NavigationTests@659925f4]" started-at="2021-05-08T12:47:41 MDT" name="recordFailure" finished-at="2021-05-08T12:47:41 MDT" duration-ms="0" status="PASS">
          <params>
            <param index="0">
              <value>
                <![CDATA[[TestResult name=testSwitchToTab status=SUCCESS method=NavigationTests.testSwitchToTab()[pri:0, instance:navigation.NavigationTests@659925f4] output={null}]]]>
              </value>
            </param>
          </params>
          <reporter-output>
          </reporter-output>
        </test-method> <!-- recordFailure -->
        <test-method is-config="true" signature="tearDown()[pri:0, instance:navigation.NavigationTests@659925f4]" started-at="2021-05-08T12:47:41 MDT" name="tearDown" finished-at="2021-05-08T12:47:42 MDT" duration-ms="754" status="PASS">
          <reporter-output>
          </reporter-output>
        </test-method> <!-- tearDown -->
      </class> <!-- navigation.NavigationTests -->
      <class name="shifting_content.MenuElementsTest">
        <test-method is-config="true" signature="setUp()[pri:0, instance:shifting_content.MenuElementsTest@4cd1c1dc]" started-at="2021-05-08T12:47:42 MDT" name="setUp" finished-at="2021-05-08T12:47:45 MDT" duration-ms="3206" status="PASS">
          <reporter-output>
          </reporter-output>
        </test-method> <!-- setUp -->
        <test-method is-config="true" signature="goHome()[pri:0, instance:shifting_content.MenuElementsTest@4cd1c1dc]" started-at="2021-05-08T12:47:45 MDT" name="goHome" finished-at="2021-05-08T12:47:45 MDT" duration-ms="168" status="PASS">
          <reporter-output>
          </reporter-output>
        </test-method> <!-- goHome -->
        <test-method signature="testElementsQuantity()[pri:0, instance:shifting_content.MenuElementsTest@4cd1c1dc]" started-at="2021-05-08T12:47:45 MDT" name="testElementsQuantity" finished-at="2021-05-08T12:47:46 MDT" duration-ms="503" status="PASS">
          <reporter-output>
          </reporter-output>
        </test-method> <!-- testElementsQuantity -->
        <test-method is-config="true" signature="recordFailure(org.testng.ITestResult)[pri:0, instance:shifting_content.MenuElementsTest@4cd1c1dc]" started-at="2021-05-08T12:47:46 MDT" name="recordFailure" finished-at="2021-05-08T12:47:46 MDT" duration-ms="0" status="PASS">
          <params>
            <param index="0">
              <value>
                <![CDATA[[TestResult name=testElementsQuantity status=SUCCESS method=MenuElementsTest.testElementsQuantity()[pri:0, instance:shifting_content.MenuElementsTest@4cd1c1dc] output={null}]]]>
              </value>
            </param>
          </params>
          <reporter-output>
          </reporter-output>
        </test-method> <!-- recordFailure -->
        <test-method is-config="true" signature="tearDown()[pri:0, instance:shifting_content.MenuElementsTest@4cd1c1dc]" started-at="2021-05-08T12:47:46 MDT" name="tearDown" finished-at="2021-05-08T12:47:46 MDT" duration-ms="705" status="PASS">
          <reporter-output>
          </reporter-output>
        </test-method> <!-- tearDown -->
      </class> <!-- shifting_content.MenuElementsTest -->
      <class name="files_uploads_downloads.FileUploadTests">
        <test-method is-config="true" signature="setUp()[pri:0, instance:files_uploads_downloads.FileUploadTests@44c5a16f]" started-at="2021-05-08T12:46:40 MDT" name="setUp" finished-at="2021-05-08T12:46:42 MDT" duration-ms="2377" status="PASS">
          <reporter-output>
          </reporter-output>
        </test-method> <!-- setUp -->
        <test-method is-config="true" signature="goHome()[pri:0, instance:files_uploads_downloads.FileUploadTests@44c5a16f]" started-at="2021-05-08T12:46:42 MDT" name="goHome" finished-at="2021-05-08T12:46:42 MDT" duration-ms="150" status="PASS">
          <reporter-output>
          </reporter-output>
        </test-method> <!-- goHome -->
        <test-method signature="testFileUpload()[pri:0, instance:files_uploads_downloads.FileUploadTests@44c5a16f]" started-at="2021-05-08T12:46:42 MDT" name="testFileUpload" finished-at="2021-05-08T12:46:43 MDT" duration-ms="945" status="PASS">
          <reporter-output>
          </reporter-output>
        </test-method> <!-- testFileUpload -->
        <test-method is-config="true" signature="recordFailure(org.testng.ITestResult)[pri:0, instance:files_uploads_downloads.FileUploadTests@44c5a16f]" started-at="2021-05-08T12:46:43 MDT" name="recordFailure" finished-at="2021-05-08T12:46:43 MDT" duration-ms="0" status="PASS">
          <params>
            <param index="0">
              <value>
                <![CDATA[[TestResult name=testFileUpload status=SUCCESS method=FileUploadTests.testFileUpload()[pri:0, instance:files_uploads_downloads.FileUploadTests@44c5a16f] output={null}]]]>
              </value>
            </param>
          </params>
          <reporter-output>
          </reporter-output>
        </test-method> <!-- recordFailure -->
        <test-method is-config="true" signature="tearDown()[pri:0, instance:files_uploads_downloads.FileUploadTests@44c5a16f]" started-at="2021-05-08T12:46:43 MDT" name="tearDown" finished-at="2021-05-08T12:46:44 MDT" duration-ms="702" status="PASS">
          <reporter-output>
          </reporter-output>
        </test-method> <!-- tearDown -->
      </class> <!-- files_uploads_downloads.FileUploadTests -->
      <class name="forgot_password.ForgotPasswordPageTest">
        <test-method is-config="true" signature="setUp()[pri:0, instance:forgot_password.ForgotPasswordPageTest@5ee34b1b]" started-at="2021-05-08T12:46:44 MDT" name="setUp" finished-at="2021-05-08T12:46:48 MDT" duration-ms="3638" status="PASS">
          <reporter-output>
          </reporter-output>
        </test-method> <!-- setUp -->
        <test-method is-config="true" signature="goHome()[pri:0, instance:forgot_password.ForgotPasswordPageTest@5ee34b1b]" started-at="2021-05-08T12:46:48 MDT" name="goHome" finished-at="2021-05-08T12:46:48 MDT" duration-ms="307" status="PASS">
          <reporter-output>
          </reporter-output>
        </test-method> <!-- goHome -->
        <test-method signature="testForgotPasswordMessage()[pri:0, instance:forgot_password.ForgotPasswordPageTest@5ee34b1b]" started-at="2021-05-08T12:46:48 MDT" name="testForgotPasswordMessage" finished-at="2021-05-08T12:46:49 MDT" duration-ms="740" status="PASS">
          <reporter-output>
          </reporter-output>
        </test-method> <!-- testForgotPasswordMessage -->
        <test-method is-config="true" signature="recordFailure(org.testng.ITestResult)[pri:0, instance:forgot_password.ForgotPasswordPageTest@5ee34b1b]" started-at="2021-05-08T12:46:49 MDT" name="recordFailure" finished-at="2021-05-08T12:46:49 MDT" duration-ms="0" status="PASS">
          <params>
            <param index="0">
              <value>
                <![CDATA[[TestResult name=testForgotPasswordMessage status=SUCCESS method=ForgotPasswordPageTest.testForgotPasswordMessage()[pri:0, instance:forgot_password.ForgotPasswordPageTest@5ee34b1b] output={null}]]]>
              </value>
            </param>
          </params>
          <reporter-output>
          </reporter-output>
        </test-method> <!-- recordFailure -->
        <test-method is-config="true" signature="tearDown()[pri:0, instance:forgot_password.ForgotPasswordPageTest@5ee34b1b]" started-at="2021-05-08T12:46:49 MDT" name="tearDown" finished-at="2021-05-08T12:46:49 MDT" duration-ms="739" status="PASS">
          <reporter-output>
          </reporter-output>
        </test-method> <!-- tearDown -->
      </class> <!-- forgot_password.ForgotPasswordPageTest -->
      <class name="horizontal_slider.HorizontalSliderTests">
        <test-method is-config="true" signature="setUp()[pri:0, instance:horizontal_slider.HorizontalSliderTests@3df978b9]" started-at="2021-05-08T12:46:59 MDT" name="setUp" finished-at="2021-05-08T12:47:02 MDT" duration-ms="2676" status="PASS">
          <reporter-output>
          </reporter-output>
        </test-method> <!-- setUp -->
        <test-method is-config="true" signature="goHome()[pri:0, instance:horizontal_slider.HorizontalSliderTests@3df978b9]" started-at="2021-05-08T12:47:02 MDT" name="goHome" finished-at="2021-05-08T12:47:02 MDT" duration-ms="326" status="PASS">
          <reporter-output>
          </reporter-output>
        </test-method> <!-- goHome -->
        <test-method signature="testHorizontalSlider()[pri:0, instance:horizontal_slider.HorizontalSliderTests@3df978b9]" started-at="2021-05-08T12:47:02 MDT" name="testHorizontalSlider" finished-at="2021-05-08T12:47:03 MDT" duration-ms="1091" status="PASS">
          <reporter-output>
          </reporter-output>
        </test-method> <!-- testHorizontalSlider -->
        <test-method is-config="true" signature="recordFailure(org.testng.ITestResult)[pri:0, instance:horizontal_slider.HorizontalSliderTests@3df978b9]" started-at="2021-05-08T12:47:03 MDT" name="recordFailure" finished-at="2021-05-08T12:47:03 MDT" duration-ms="1" status="PASS">
          <params>
            <param index="0">
              <value>
                <![CDATA[[TestResult name=testHorizontalSlider status=SUCCESS method=HorizontalSliderTests.testHorizontalSlider()[pri:0, instance:horizontal_slider.HorizontalSliderTests@3df978b9] output={null}]]]>
              </value>
            </param>
          </params>
          <reporter-output>
          </reporter-output>
        </test-method> <!-- recordFailure -->
        <test-method is-config="true" signature="tearDown()[pri:0, instance:horizontal_slider.HorizontalSliderTests@3df978b9]" started-at="2021-05-08T12:47:03 MDT" name="tearDown" finished-at="2021-05-08T12:47:04 MDT" duration-ms="747" status="PASS">
          <reporter-output>
          </reporter-output>
        </test-method> <!-- tearDown -->
      </class> <!-- horizontal_slider.HorizontalSliderTests -->
      <class name="dynamic_load.LoadWaitTest">
        <test-method is-config="true" signature="setUp()[pri:0, instance:dynamic_load.LoadWaitTest@44f3fe83]" started-at="2021-05-08T12:46:30 MDT" name="setUp" finished-at="2021-05-08T12:46:32 MDT" duration-ms="2543" status="PASS">
          <reporter-output>
          </reporter-output>
        </test-method> <!-- setUp -->
        <test-method is-config="true" signature="goHome()[pri:0, instance:dynamic_load.LoadWaitTest@44f3fe83]" started-at="2021-05-08T12:46:32 MDT" name="goHome" finished-at="2021-05-08T12:46:33 MDT" duration-ms="200" status="PASS">
          <reporter-output>
          </reporter-output>
        </test-method> <!-- goHome -->
        <test-method signature="testWaits()[pri:0, instance:dynamic_load.LoadWaitTest@44f3fe83]" started-at="2021-05-08T12:46:33 MDT" name="testWaits" finished-at="2021-05-08T12:46:39 MDT" duration-ms="6253" status="PASS">
          <reporter-output>
          </reporter-output>
        </test-method> <!-- testWaits -->
        <test-method is-config="true" signature="recordFailure(org.testng.ITestResult)[pri:0, instance:dynamic_load.LoadWaitTest@44f3fe83]" started-at="2021-05-08T12:46:39 MDT" name="recordFailure" finished-at="2021-05-08T12:46:39 MDT" duration-ms="0" status="PASS">
          <params>
            <param index="0">
              <value>
                <![CDATA[[TestResult name=testWaits status=SUCCESS method=LoadWaitTest.testWaits()[pri:0, instance:dynamic_load.LoadWaitTest@44f3fe83] output={null}]]]>
              </value>
            </param>
          </params>
          <reporter-output>
          </reporter-output>
        </test-method> <!-- recordFailure -->
        <test-method is-config="true" signature="tearDown()[pri:0, instance:dynamic_load.LoadWaitTest@44f3fe83]" started-at="2021-05-08T12:46:39 MDT" name="tearDown" finished-at="2021-05-08T12:46:40 MDT" duration-ms="763" status="PASS">
          <reporter-output>
          </reporter-output>
        </test-method> <!-- tearDown -->
      </class> <!-- dynamic_load.LoadWaitTest -->
      <class name="dynamic_load.DynamicLoadExample2Test">
        <test-method is-config="true" signature="setUp()[pri:0, instance:dynamic_load.DynamicLoadExample2Test@4bee18dc]" started-at="2021-05-08T12:46:26 MDT" name="setUp" finished-at="2021-05-08T12:46:28 MDT" duration-ms="2325" status="PASS">
          <reporter-output>
          </reporter-output>
        </test-method> <!-- setUp -->
        <test-method is-config="true" signature="goHome()[pri:0, instance:dynamic_load.DynamicLoadExample2Test@4bee18dc]" started-at="2021-05-08T12:46:28 MDT" name="goHome" finished-at="2021-05-08T12:46:28 MDT" duration-ms="259" status="PASS">
          <reporter-output>
          </reporter-output>
        </test-method> <!-- goHome -->
        <test-method signature="testExample2DynamicLoad()[pri:0, instance:dynamic_load.DynamicLoadExample2Test@4bee18dc]" started-at="2021-05-08T12:46:28 MDT" name="testExample2DynamicLoad" finished-at="2021-05-08T12:46:29 MDT" duration-ms="743" status="PASS">
          <reporter-output>
          </reporter-output>
        </test-method> <!-- testExample2DynamicLoad -->
        <test-method is-config="true" signature="tearDown()[pri:0, instance:dynamic_load.DynamicLoadExample2Test@4bee18dc]" started-at="2021-05-08T12:46:29 MDT" name="tearDown" finished-at="2021-05-08T12:46:30 MDT" duration-ms="656" status="PASS">
          <reporter-output>
          </reporter-output>
        </test-method> <!-- tearDown -->
        <test-method is-config="true" signature="recordFailure(org.testng.ITestResult)[pri:0, instance:dynamic_load.DynamicLoadExample2Test@4bee18dc]" started-at="2021-05-08T12:46:29 MDT" name="recordFailure" finished-at="2021-05-08T12:46:29 MDT" duration-ms="0" status="PASS">
          <params>
            <param index="0">
              <value>
                <![CDATA[[TestResult name=testExample2DynamicLoad status=SUCCESS method=DynamicLoadExample2Test.testExample2DynamicLoad()[pri:0, instance:dynamic_load.DynamicLoadExample2Test@4bee18dc] output={null}]]]>
              </value>
            </param>
          </params>
          <reporter-output>
          </reporter-output>
        </test-method> <!-- recordFailure -->
      </class> <!-- dynamic_load.DynamicLoadExample2Test -->
      <class name="alerts.AlertTests">
        <test-method is-config="true" signature="setUp()[pri:0, instance:alerts.AlertTests@66596a88]" started-at="2021-05-08T12:46:16 MDT" name="setUp" finished-at="2021-05-08T12:46:19 MDT" duration-ms="3177" status="PASS">
          <reporter-output>
          </reporter-output>
        </test-method> <!-- setUp -->
        <test-method is-config="true" signature="goHome()[pri:0, instance:alerts.AlertTests@66596a88]" started-at="2021-05-08T12:46:19 MDT" name="goHome" finished-at="2021-05-08T12:46:19 MDT" duration-ms="160" status="PASS">
          <reporter-output>
          </reporter-output>
        </test-method> <!-- goHome -->
        <test-method signature="testAlert()[pri:0, instance:alerts.AlertTests@66596a88]" started-at="2021-05-08T12:46:20 MDT" name="testAlert" finished-at="2021-05-08T12:46:20 MDT" duration-ms="494" status="PASS">
          <reporter-output>
          </reporter-output>
        </test-method> <!-- testAlert -->
        <test-method is-config="true" signature="recordFailure(org.testng.ITestResult)[pri:0, instance:alerts.AlertTests@66596a88]" started-at="2021-05-08T12:46:20 MDT" name="recordFailure" finished-at="2021-05-08T12:46:20 MDT" duration-ms="8" status="PASS">
          <params>
            <param index="0">
              <value>
                <![CDATA[[TestResult name=testAlert status=SUCCESS method=AlertTests.testAlert()[pri:0, instance:alerts.AlertTests@66596a88] output={null}]]]>
              </value>
            </param>
          </params>
          <reporter-output>
          </reporter-output>
        </test-method> <!-- recordFailure -->
        <test-method is-config="true" signature="goHome()[pri:0, instance:alerts.AlertTests@66596a88]" started-at="2021-05-08T12:46:20 MDT" name="goHome" finished-at="2021-05-08T12:46:20 MDT" duration-ms="274" status="PASS">
          <reporter-output>
          </reporter-output>
        </test-method> <!-- goHome -->
        <test-method signature="testConfirm()[pri:0, instance:alerts.AlertTests@66596a88]" started-at="2021-05-08T12:46:20 MDT" name="testConfirm" finished-at="2021-05-08T12:46:21 MDT" duration-ms="412" status="PASS">
          <reporter-output>
          </reporter-output>
        </test-method> <!-- testConfirm -->
        <test-method is-config="true" signature="recordFailure(org.testng.ITestResult)[pri:0, instance:alerts.AlertTests@66596a88]" started-at="2021-05-08T12:46:21 MDT" name="recordFailure" finished-at="2021-05-08T12:46:21 MDT" duration-ms="0" status="PASS">
          <params>
            <param index="0">
              <value>
                <![CDATA[[TestResult name=testConfirm status=SUCCESS method=AlertTests.testConfirm()[pri:0, instance:alerts.AlertTests@66596a88] output={null}]]]>
              </value>
            </param>
          </params>
          <reporter-output>
          </reporter-output>
        </test-method> <!-- recordFailure -->
        <test-method is-config="true" signature="goHome()[pri:0, instance:alerts.AlertTests@66596a88]" started-at="2021-05-08T12:46:21 MDT" name="goHome" finished-at="2021-05-08T12:46:21 MDT" duration-ms="356" status="PASS">
          <reporter-output>
          </reporter-output>
        </test-method> <!-- goHome -->
        <test-method signature="testPrompt()[pri:0, instance:alerts.AlertTests@66596a88]" started-at="2021-05-08T12:46:21 MDT" name="testPrompt" finished-at="2021-05-08T12:46:22 MDT" duration-ms="428" status="PASS">
          <reporter-output>
          </reporter-output>
        </test-method> <!-- testPrompt -->
        <test-method is-config="true" signature="recordFailure(org.testng.ITestResult)[pri:0, instance:alerts.AlertTests@66596a88]" started-at="2021-05-08T12:46:22 MDT" name="recordFailure" finished-at="2021-05-08T12:46:22 MDT" duration-ms="0" status="PASS">
          <params>
            <param index="0">
              <value>
                <![CDATA[[TestResult name=testPrompt status=SUCCESS method=AlertTests.testPrompt()[pri:0, instance:alerts.AlertTests@66596a88] output={null}]]]>
              </value>
            </param>
          </params>
          <reporter-output>
          </reporter-output>
        </test-method> <!-- recordFailure -->
        <test-method is-config="true" signature="tearDown()[pri:0, instance:alerts.AlertTests@66596a88]" started-at="2021-05-08T12:46:22 MDT" name="tearDown" finished-at="2021-05-08T12:46:22 MDT" duration-ms="633" status="PASS">
          <reporter-output>
          </reporter-output>
        </test-method> <!-- tearDown -->
      </class> <!-- alerts.AlertTests -->
      <class name="modal_windows.ModalWindowTests">
        <test-method is-config="true" signature="setUp()[pri:0, instance:modal_windows.ModalWindowTests@5c92166b]" started-at="2021-05-08T12:47:23 MDT" name="setUp" finished-at="2021-05-08T12:47:27 MDT" duration-ms="3379" status="PASS">
          <reporter-output>
          </reporter-output>
        </test-method> <!-- setUp -->
        <test-method is-config="true" signature="goHome()[pri:0, instance:modal_windows.ModalWindowTests@5c92166b]" started-at="2021-05-08T12:47:27 MDT" name="goHome" finished-at="2021-05-08T12:47:27 MDT" duration-ms="209" status="PASS">
          <reporter-output>
          </reporter-output>
        </test-method> <!-- goHome -->
        <test-method signature="testModalWindow()[pri:0, instance:modal_windows.ModalWindowTests@5c92166b]" started-at="2021-05-08T12:47:27 MDT" name="testModalWindow" finished-at="2021-05-08T12:47:28 MDT" duration-ms="916" status="PASS">
          <reporter-output>
          </reporter-output>
        </test-method> <!-- testModalWindow -->
        <test-method is-config="true" signature="recordFailure(org.testng.ITestResult)[pri:0, instance:modal_windows.ModalWindowTests@5c92166b]" started-at="2021-05-08T12:47:28 MDT" name="recordFailure" finished-at="2021-05-08T12:47:28 MDT" duration-ms="0" status="PASS">
          <params>
            <param index="0">
              <value>
                <![CDATA[[TestResult name=testModalWindow status=SUCCESS method=ModalWindowTests.testModalWindow()[pri:0, instance:modal_windows.ModalWindowTests@5c92166b] output={null}]]]>
              </value>
            </param>
          </params>
          <reporter-output>
          </reporter-output>
        </test-method> <!-- recordFailure -->
        <test-method is-config="true" signature="tearDown()[pri:0, instance:modal_windows.ModalWindowTests@5c92166b]" started-at="2021-05-08T12:47:28 MDT" name="tearDown" finished-at="2021-05-08T12:47:29 MDT" duration-ms="648" status="PASS">
          <reporter-output>
          </reporter-output>
        </test-method> <!-- tearDown -->
      </class> <!-- modal_windows.ModalWindowTests -->
    </test> <!-- Surefire test -->
  </suite> <!-- Surefire suite -->
</testng-results>
